\BOOKMARK [0][-]{section*.1}{\376\377\000V\000e\000r\000i\000f\000i\000c\000a\000t\000i\000o\000n\000\040\000L\000e\000t\000t\000e\000r\000\040\000f\000r\000o\000m\000\040\000t\000h\000e\000\040\000O\000r\000a\000l\000\040\000E\000x\000a\000m\000i\000n\000a\000t\000i\000o\000n\000\040\000C\000o\000m\000m\000i\000t\000t\000e\000e}{}% 1
\BOOKMARK [0][-]{chapter*.2}{\376\377\000A\000c\000k\000n\000o\000w\000l\000e\000d\000g\000e\000m\000e\000n\000t\000s}{}% 2
\BOOKMARK [0][-]{chapter*.3}{\376\377\144\130\211\201}{}% 3
\BOOKMARK [0][-]{chapter*.4}{\376\377\000A\000b\000s\000t\000r\000a\000c\000t}{}% 4
\BOOKMARK [0][-]{section*.5}{\376\377\000C\000o\000n\000t\000e\000n\000t\000s}{}% 5
\BOOKMARK [0][-]{section*.6}{\376\377\000L\000i\000s\000t\000\040\000o\000f\000\040\000F\000i\000g\000u\000r\000e\000s}{}% 6
\BOOKMARK [0][-]{section*.7}{\376\377\000L\000i\000s\000t\000\040\000o\000f\000\040\000T\000a\000b\000l\000e\000s}{}% 7
\BOOKMARK [0][-]{chapter*.8}{\376\377\000D\000e\000n\000o\000t\000a\000t\000i\000o\000n}{}% 8
\BOOKMARK [0][-]{chapter.1}{\376\377\173\054\116\000\172\340}{}% 9
\BOOKMARK [1][-]{section.1.1}{\376\377\122\115\212\000}{chapter.1}% 10
\BOOKMARK [1][-]{section.1.2}{\376\377\136\163\127\146\226\261\154\222\145\170\120\074\152\041\127\213\145\207\163\173\126\336\230\147}{chapter.1}% 11
\BOOKMARK [1][-]{section.1.3}{\376\377\170\024\172\166\122\325\152\137\202\007\166\356\152\031}{chapter.1}% 12
\BOOKMARK [1][-]{section.1.4}{\376\377\130\250\211\177\124\345\211\300\156\054\214\307\145\231}{chapter.1}% 13
\BOOKMARK [1][-]{section.1.5}{\376\377\134\017\175\120}{chapter.1}% 14
\BOOKMARK [0][-]{chapter.2}{\376\377\170\024\172\166\145\271\154\325}{}% 15
\BOOKMARK [1][-]{section.2.1}{\376\377\220\113\122\325\145\271\172\013\137\017}{chapter.2}% 16
\BOOKMARK [1][-]{section.2.2}{\376\377\000f\000i\000n\000i\000t\000e\000\040\000e\000l\000e\000m\000e\000n\000t\000s\000\040\000m\000e\000t\000h\000o\000d}{chapter.2}% 17
\BOOKMARK [1][-]{section.2.3}{\376\377\000F\000L\000A\000C}{chapter.2}% 18
\BOOKMARK [1][-]{section.2.4}{\376\377\000I\000n\000i\000t\000i\000a\000l\000\040\000M\000o\000d\000e\000l}{chapter.2}% 19
\BOOKMARK [1][-]{section.2.5}{\376\377\000R\000h\000e\000o\000l\000o\000g\000i\000c\000a\000l\000\040\000b\000e\000h\000a\000v\000i\000o\000r}{chapter.2}% 20
\BOOKMARK [1][-]{section.2.6}{\376\377\000P\000h\000a\000s\000e\000\040\000c\000h\000a\000n\000g\000e}{chapter.2}% 21
\BOOKMARK [1][-]{section.2.7}{\376\377\000B\000o\000u\000n\000d\000a\000r\000y\000\040\000c\000o\000n\000d\000i\000t\000i\000o\000n}{chapter.2}% 22
\BOOKMARK [0][-]{chapter.3}{\376\377\116\055\145\207\156\054\212\146}{}% 23
\BOOKMARK [1][-]{section.3.1}{\376\377\123\362\212\030}{chapter.3}% 24
\BOOKMARK [1][-]{section.3.2}{\376\377\134\161\155\167\175\223}{chapter.3}% 25
\BOOKMARK [0][-]{chapter.4}{\376\377\202\361\145\207\156\054\212\146}{}% 26
\BOOKMARK [1][-]{section.4.1}{\376\377\121\372\136\053\210\150}{chapter.4}% 27
\BOOKMARK [1][-]{section.4.2}{\376\377\167\355\153\114\210\114}{chapter.4}% 28
\BOOKMARK [0][-]{section*.9}{\376\377\000R\000e\000f\000e\000r\000e\000n\000c\000e\000s}{}% 29
\BOOKMARK [0][-]{section*.11}{\376\377\000A\000p\000p\000e\000n\000d\000i\000x\000\040\000A\000\040\040\024\000\040\000I\000n\000t\000r\000o\000d\000u\000c\000t\000i\000o\000n}{}% 30
\BOOKMARK [1][-]{section.4.1}{\376\377\000I\000n\000t\000r\000o\000d\000u\000c\000t\000i\000o\000n}{section*.11}% 31
\BOOKMARK [1][-]{section.4.2}{\376\377\000F\000u\000r\000t\000h\000e\000r\000\040\000I\000n\000t\000r\000o\000d\000u\000c\000t\000i\000o\000n}{section*.11}% 32
\BOOKMARK [0][-]{section*.13}{\376\377\000A\000p\000p\000e\000n\000d\000i\000x\000\040\000B\000\040\040\024\000\040\000I\000n\000t\000r\000o\000d\000u\000c\000t\000i\000o\000n}{}% 33
\BOOKMARK [1][-]{section.4.1}{\376\377\000I\000n\000t\000r\000o\000d\000u\000c\000t\000i\000o\000n}{section*.13}% 34
\BOOKMARK [1][-]{section.4.2}{\376\377\000F\000u\000r\000t\000h\000e\000r\000\040\000I\000n\000t\000r\000o\000d\000u\000c\000t\000i\000o\000n}{section*.13}% 35
